aadA1_1_T	20231029chu5_NODE_106_length_5583_cov_15.027493	100.000	40	0	0	1	40	3257	3218	7.64e-14	75.0
aadA1_1_T	20231029chu4_NODE_109_length_10082_cov_22.239478	100.000	40	0	0	1	40	8494	8533	7.64e-14	75.0
aadA1_1_T	20231029chu3_NODE_102_length_10741_cov_11.926230	100.000	40	0	0	1	40	7762	7723	7.64e-14	75.0
aadA1_1_T	20231029chu1_NODE_110_length_10084_cov_18.429748	100.000	40	0	0	1	40	1591	1552	7.64e-14	75.0
aadA21_1_T	20231030sen5_NODE_86_length_13293_cov_13.848473	100.000	40	0	0	1	40	4576	4537	7.64e-14	75.0
aadA21_1_T	20231030alt4_NODE_2_length_209757_cov_27.953313	100.000	40	0	0	1	40	39858	39897	7.64e-14	75.0
aadA21_1_T	20231030alt2_NODE_3_length_209650_cov_36.338631	100.000	40	0	0	1	40	169807	169768	7.64e-14	75.0
aadA21_1_T	20231029chu5_NODE_108_length_5497_cov_12.999255	100.000	40	0	0	1	40	4694	4733	7.64e-14	75.0
aadA57_1_T	20231030sen2_NODE_74_length_9801_cov_13.092723	100.000	40	0	0	1	40	1637	1598	7.64e-14	75.0
aadA57_1_T	20231030lug5_NODE_76_length_11325_cov_13.815681	100.000	40	0	0	1	40	8470	8509	7.64e-14	75.0
aadA57_1_T	20231030lug3_NODE_75_length_10189_cov_7.760584	100.000	40	0	0	1	40	8469	8508	7.64e-14	75.0
aadA57_1_T	20231030lug2_NODE_171_length_2026_cov_11.748289	100.000	40	0	0	1	40	339	378	7.64e-14	75.0
aadA57_1_T	20231030alt3_NODE_48_length_25202_cov_13.021615	100.000	40	0	0	1	40	12366	12327	7.64e-14	75.0
aadA57_1_T	20231030alt1_NODE_77_length_10014_cov_7.903813	100.000	40	0	0	1	40	8470	8509	7.64e-14	75.0
aadA57_1_T	20231029zur5_NODE_132_length_4117_cov_3.902005	100.000	40	0	0	1	40	1688	1649	7.64e-14	75.0
aadA57_1_T	20231029zur1_NODE_82_length_11786_cov_8.437773	100.000	40	0	0	1	40	10150	10189	7.64e-14	75.0
aadA57_1_T	20231029chu2_NODE_132_length_6679_cov_32.270299	100.000	40	0	0	1	40	5043	5082	7.64e-14	75.0
aac(3)-II63_1_T	20231030lug3_NODE_122_length_1435_cov_4.490826	100.000	40	0	0	1	40	474	435	7.64e-14	75.0
aac(3)-II63_1_T	20231030alt5_NODE_92_length_2742_cov_19.175143	100.000	40	0	0	1	40	2430	2469	7.64e-14	75.0
aac(3)-II63_1_T	20231029chu5_NODE_121_length_2852_cov_11.348257	100.000	40	0	0	1	40	313	274	7.64e-14	75.0
aac(3)-II63_1_T	20231029chu4_NODE_126_length_7073_cov_21.770947	100.000	40	0	0	1	40	372	333	7.64e-14	75.0
aac(3)-II63_1_T	20231029chu1_NODE_128_length_7098_cov_18.471238	100.000	40	0	0	1	40	6727	6766	7.64e-14	75.0
aac(6)-I6_1_T	20231031gen2_NODE_105_length_14327_cov_21.175423	100.000	40	0	0	1	40	13415	13454	7.64e-14	75.0
aac(6)-I6_1_T	20231030sen5_NODE_86_length_13293_cov_13.848473	100.000	40	0	0	1	40	3049	3010	7.64e-14	75.0
aac(6)-I6_1_T	20231030alt5_NODE_97_length_2186_cov_22.791180	100.000	40	0	0	1	40	621	582	7.64e-14	75.0
aac(6)-I123_1_T	20231031gen4_NODE_139_length_2670_cov_9.570193	100.000	40	0	0	1	40	806	845	7.64e-14	75.0
aac(6)-I123_1_T	20231031gen3_NODE_114_length_2670_cov_9.974046	100.000	40	0	0	1	40	806	845	7.64e-14	75.0
aac(6)-I123_1_T	20231031gen2_NODE_105_length_14327_cov_21.175423	100.000	40	0	0	1	40	14102	14141	7.64e-14	75.0
aac(6)-I123_1_T	20231030sen5_NODE_86_length_13293_cov_13.848473	100.000	40	0	0	1	40	1579	1540	7.64e-14	75.0
aac(6)-I123_1_T	20231030sen2_NODE_74_length_9801_cov_13.092723	100.000	40	0	0	1	40	892	853	7.64e-14	75.0
aac(6)-I123_1_T	20231030lug5_NODE_76_length_11325_cov_13.815681	100.000	40	0	0	1	40	9215	9254	7.64e-14	75.0
aac(6)-I123_1_T	20231030lug4_NODE_135_length_1796_cov_7.799281	100.000	40	0	0	1	40	991	952	7.64e-14	75.0
aac(6)-I123_1_T	20231030lug3_NODE_75_length_10189_cov_7.760584	100.000	40	0	0	1	40	9214	9253	7.64e-14	75.0
aac(6)-I123_1_T	20231030lug2_NODE_171_length_2026_cov_11.748289	100.000	40	0	0	1	40	1084	1123	7.64e-14	75.0
aac(6)-I123_1_T	20231030alt3_NODE_48_length_25202_cov_13.021615	100.000	40	0	0	1	40	11621	11582	7.64e-14	75.0
aac(6)-I123_1_T	20231030alt1_NODE_77_length_10014_cov_7.903813	100.000	40	0	0	1	40	9215	9254	7.64e-14	75.0
aac(6)-I123_1_T	20231029zur5_NODE_132_length_4117_cov_3.902005	100.000	40	0	0	1	40	943	904	7.64e-14	75.0
aac(6)-I123_1_T	20231029zur1_NODE_82_length_11786_cov_8.437773	100.000	40	0	0	1	40	10895	10934	7.64e-14	75.0
aac(6)-I123_1_T	20231029chu5_NODE_146_length_849_cov_10.351801	100.000	40	0	0	1	40	628	667	7.64e-14	75.0
aac(6)-I123_1_T	20231029chu5_NODE_106_length_5583_cov_15.027493	100.000	40	0	0	1	40	1566	1527	7.64e-14	75.0
aac(6)-I123_1_T	20231029chu4_NODE_109_length_10082_cov_22.239478	100.000	40	0	0	1	40	9464	9503	7.64e-14	75.0
aac(6)-I123_1_T	20231029chu3_NODE_102_length_10741_cov_11.926230	100.000	40	0	0	1	40	6792	6753	7.64e-14	75.0
aac(6)-I123_1_T	20231029chu2_NODE_132_length_6679_cov_32.270299	100.000	40	0	0	1	40	5788	5827	7.64e-14	75.0
aac(6)-I123_1_T	20231029chu1_NODE_110_length_10084_cov_18.429748	100.000	40	0	0	1	40	621	582	7.64e-14	75.0
aph(6)-I29_1_T	20231031gen4_NODE_75_length_7949_cov_9.935694	100.000	40	0	0	1	40	5659	5620	7.64e-14	75.0
aph(6)-I29_1_T	20231031gen3_NODE_89_length_7949_cov_8.695986	100.000	40	0	0	1	40	2291	2330	7.64e-14	75.0
aph(6)-I29_1_T	20231031gen2_NODE_226_length_4269_cov_17.194833	100.000	40	0	0	1	40	3375	3336	7.64e-14	75.0
aph(6)-I29_1_T	20231031gen1_NODE_102_length_452_cov_1.064615	100.000	40	0	0	1	40	271	310	7.64e-14	75.0
aph(6)-I29_1_T	20231030sen5_NODE_101_length_8299_cov_12.652717	100.000	40	0	0	1	40	3565	3526	7.64e-14	75.0
aph(6)-I29_1_T	20231030sen4_NODE_117_length_6834_cov_7.016401	100.000	40	0	0	1	40	2604	2565	7.64e-14	75.0
aph(6)-I29_1_T	20231030sen2_NODE_82_length_6313_cov_11.250081	100.000	40	0	0	1	40	3710	3749	7.64e-14	75.0
aph(6)-I29_1_T	20231030sen1_NODE_84_length_16660_cov_8.265348	100.000	40	0	0	1	40	4235	4274	7.64e-14	75.0
aph(6)-I29_1_T	20231030lug4_NODE_103_length_10036_cov_63.274700	100.000	40	0	0	1	40	4294	4333	7.64e-14	75.0
aph(6)-I29_1_T	20231030lug3_NODE_83_length_6911_cov_6.927771	100.000	40	0	0	1	40	2604	2565	7.64e-14	75.0
aph(6)-I29_1_T	20231030lug2_NODE_109_length_11109_cov_104.069568	100.000	40	0	0	1	40	4670	4709	7.64e-14	75.0
aph(6)-I29_1_T	20231029zur5_NODE_107_length_7292_cov_5.628472	100.000	40	0	0	1	40	4376	4415	7.64e-14	75.0
aph(6)-I29_1_T	20231029chu5_NODE_111_length_4126_cov_11.171543	100.000	40	0	0	1	40	2852	2891	7.64e-14	75.0
aph(6)-I29_1_T	20231029chu4_NODE_20_length_70090_cov_13.043237	100.000	40	0	0	1	40	58712	58751	7.64e-14	75.0
aph(6)-I29_1_T	20231029chu1_NODE_21_length_63171_cov_9.567699	100.000	40	0	0	1	40	11379	11340	7.64e-14	75.0
aph(3)386_1_T	20231030lug2_NODE_139_length_5391_cov_833.792933	100.000	40	0	0	1	40	2515	2476	7.64e-14	75.0
qnrB7_1_T	20231030lug2_NODE_94_length_15215_cov_13.359358	100.000	40	0	0	1	40	503	542	7.64e-14	75.0
qnrS1_1_T	20231031gen5_NODE_173_length_255_cov_39.218750	100.000	40	0	0	1	40	104	65	7.64e-14	75.0
qnrS1_1_T	20231031gen5_NODE_140_length_873_cov_41.974531	100.000	40	0	0	1	40	850	811	7.64e-14	75.0
qnrS1_1_T	20231031gen5_NODE_20_length_73081_cov_26.812992	100.000	40	0	0	1	40	46482	46521	7.64e-14	75.0
qnrS1_1_T	20231031gen4_NODE_792_length_730_cov_2.681592	100.000	40	0	0	1	40	185	224	7.64e-14	75.0
qnrS1_1_T	20231030sen5_NODE_96_length_9317_cov_14.328945	100.000	40	0	0	1	40	646	607	7.64e-14	75.0
qnrS1_1_T	20231030sen4_NODE_103_length_9618_cov_12.998103	100.000	40	0	0	1	40	3411	3450	7.64e-14	75.0
qnrS1_1_T	20231030sen3_NODE_28_length_61858_cov_26.018743	100.000	40	0	0	1	40	11187	11226	7.64e-14	75.0
qnrS1_1_T	20231030sen2_NODE_74_length_9801_cov_13.092723	100.000	40	0	0	1	40	8189	8228	7.64e-14	75.0
qnrS1_1_T	20231030sen1_NODE_84_length_16660_cov_8.265348	100.000	40	0	0	1	40	13250	13211	7.64e-14	75.0
qnrS1_1_T	20231030lug4_NODE_94_length_12370_cov_6.415421	100.000	40	0	0	1	40	5848	5809	7.64e-14	75.0
qnrS1_1_T	20231030alt4_NODE_56_length_28364_cov_4.417821	100.000	40	0	0	1	40	4753	4714	7.64e-14	75.0
qnrS1_1_T	20231030alt3_NODE_48_length_25202_cov_13.021615	100.000	40	0	0	1	40	4318	4357	7.64e-14	75.0
qnrS1_1_T	20231030alt2_NODE_46_length_34201_cov_6.403710	100.000	40	0	0	1	40	7719	7680	7.64e-14	75.0
qnrS1_1_T	20231029zur5_NODE_113_length_6018_cov_5.485317	100.000	40	0	0	1	40	1702	1663	7.64e-14	75.0
qnrS1_1_T	20231029zur3_NODE_81_length_10653_cov_5.334505	100.000	40	0	0	1	40	7421	7382	7.64e-14	75.0
qnrS1_1_T	20231029zur2_NODE_26_length_68438_cov_30.050519	100.000	40	0	0	1	40	12412	12451	7.64e-14	75.0
qnrS1_1_T	20231029zur1_NODE_47_length_33127_cov_9.572848	100.000	40	0	0	1	40	20716	20677	7.64e-14	75.0
qnrS1_1_T	20231029chu5_NODE_28_length_59098_cov_21.962931	100.000	40	0	0	1	40	49470	49431	7.64e-14	75.0
qnrS1_1_T	20231029chu2_NODE_94_length_14024_cov_31.964885	100.000	40	0	0	1	40	1613	1574	7.64e-14	75.0
ermB1_1_T	20231029chu3_NODE_144_length_2664_cov_9.631849	100.000	40	0	0	1	40	692	653	7.64e-14	75.0
mphA18_1_T	20231030sen5_NODE_86_length_13293_cov_13.848473	100.000	40	0	0	1	40	12515	12554	7.64e-14	75.0
mphA18_1_T	20231030lug5_NODE_76_length_11325_cov_13.815681	100.000	40	0	0	1	40	779	740	7.64e-14	75.0
mphA18_1_T	20231030lug3_NODE_75_length_10189_cov_7.760584	100.000	40	0	0	1	40	778	739	7.64e-14	75.0
mphA18_1_T	20231030lug2_NODE_94_length_15215_cov_13.359358	100.000	40	0	0	1	40	14437	14476	7.64e-14	75.0
mphA18_1_T	20231030alt3_NODE_48_length_25202_cov_13.021615	100.000	40	0	0	1	40	20057	20096	7.64e-14	75.0
mphA18_1_T	20231030alt1_NODE_77_length_10014_cov_7.903813	100.000	40	0	0	1	40	779	740	7.64e-14	75.0
mphA18_1_T	20231029zur5_NODE_128_length_4379_cov_8.436971	100.000	40	0	0	1	40	779	740	7.64e-14	75.0
mphA18_1_T	20231029zur1_NODE_82_length_11786_cov_8.437773	100.000	40	0	0	1	40	2459	2420	7.64e-14	75.0
mphA18_1_T	20231029chu4_NODE_109_length_10082_cov_22.239478	100.000	40	0	0	1	40	779	740	7.64e-14	75.0
mphA18_1_T	20231029chu3_NODE_132_length_3892_cov_12.440372	100.000	40	0	0	1	40	3115	3154	7.64e-14	75.0
mphA18_1_T	20231029chu2_NODE_151_length_3427_cov_51.252424	100.000	40	0	0	1	40	652	613	7.64e-14	75.0
mphA18_1_T	20231029chu1_NODE_110_length_10084_cov_18.429748	100.000	40	0	0	1	40	9306	9345	7.64e-14	75.0
dfrA243_1_T	20231031gen4_NODE_139_length_2670_cov_9.570193	100.000	40	0	0	1	40	475	514	7.64e-14	75.0
dfrA243_1_T	20231031gen3_NODE_114_length_2670_cov_9.974046	100.000	40	0	0	1	40	475	514	7.64e-14	75.0
dfrA243_1_T	20231030lug4_NODE_135_length_1796_cov_7.799281	100.000	40	0	0	1	40	1322	1283	7.64e-14	75.0
dfrA243_1_T	20231029chu5_NODE_146_length_849_cov_10.351801	100.000	40	0	0	1	40	297	336	7.64e-14	75.0
dfrA369_1_T	20231030sen2_NODE_74_length_9801_cov_13.092723	100.000	40	0	0	1	40	1180	1141	7.64e-14	75.0
dfrA369_1_T	20231030lug5_NODE_76_length_11325_cov_13.815681	100.000	40	0	0	1	40	8927	8966	7.64e-14	75.0
dfrA369_1_T	20231030lug3_NODE_75_length_10189_cov_7.760584	100.000	40	0	0	1	40	8926	8965	7.64e-14	75.0
dfrA369_1_T	20231030lug2_NODE_171_length_2026_cov_11.748289	100.000	40	0	0	1	40	796	835	7.64e-14	75.0
dfrA369_1_T	20231030alt3_NODE_48_length_25202_cov_13.021615	100.000	40	0	0	1	40	11909	11870	7.64e-14	75.0
dfrA369_1_T	20231030alt1_NODE_77_length_10014_cov_7.903813	100.000	40	0	0	1	40	8927	8966	7.64e-14	75.0
dfrA369_1_T	20231029zur5_NODE_132_length_4117_cov_3.902005	100.000	40	0	0	1	40	1231	1192	7.64e-14	75.0
dfrA369_1_T	20231029zur1_NODE_82_length_11786_cov_8.437773	100.000	40	0	0	1	40	10607	10646	7.64e-14	75.0
dfrA369_1_T	20231029chu2_NODE_132_length_6679_cov_32.270299	100.000	40	0	0	1	40	5500	5539	7.64e-14	75.0
dfrA15_1_T	20231030alt4_NODE_2_length_209757_cov_27.953313	100.000	40	0	0	1	40	41384	41423	7.64e-14	75.0
dfrA15_1_T	20231030alt2_NODE_3_length_209650_cov_36.338631	100.000	40	0	0	1	40	168281	168242	7.64e-14	75.0
sul15_1_T	20231031gen2_NODE_105_length_14327_cov_21.175423	100.000	40	0	0	1	40	5787	5826	7.64e-14	75.0
sul15_1_T	20231030sen5_NODE_86_length_13293_cov_13.848473	100.000	40	0	0	1	40	6243	6204	7.64e-14	75.0
sul15_1_T	20231030sen2_NODE_74_length_9801_cov_13.092723	100.000	40	0	0	1	40	3056	3017	7.64e-14	75.0
sul15_1_T	20231030lug5_NODE_76_length_11325_cov_13.815681	100.000	40	0	0	1	40	7051	7090	7.64e-14	75.0
sul15_1_T	20231030lug3_NODE_75_length_10189_cov_7.760584	100.000	40	0	0	1	40	7050	7089	7.64e-14	75.0
sul15_1_T	20231030lug2_NODE_94_length_15215_cov_13.359358	100.000	40	0	0	1	40	8165	8126	7.64e-14	75.0
sul15_1_T	20231030alt3_NODE_48_length_25202_cov_13.021615	100.000	40	0	0	1	40	13785	13746	7.64e-14	75.0
sul15_1_T	20231030alt1_NODE_77_length_10014_cov_7.903813	100.000	40	0	0	1	40	7051	7090	7.64e-14	75.0
sul15_1_T	20231029zur5_NODE_132_length_4117_cov_3.902005	100.000	40	0	0	1	40	3107	3068	7.64e-14	75.0
sul15_1_T	20231029zur1_NODE_82_length_11786_cov_8.437773	100.000	40	0	0	1	40	8731	8770	7.64e-14	75.0
sul15_1_T	20231029chu4_NODE_109_length_10082_cov_22.239478	100.000	40	0	0	1	40	7051	7090	7.64e-14	75.0
sul15_1_T	20231029chu3_NODE_102_length_10741_cov_11.926230	100.000	40	0	0	1	40	9205	9166	7.64e-14	75.0
sul15_1_T	20231029chu2_NODE_132_length_6679_cov_32.270299	100.000	40	0	0	1	40	3624	3663	7.64e-14	75.0
sul15_1_T	20231029chu1_NODE_110_length_10084_cov_18.429748	100.000	40	0	0	1	40	3034	2995	7.64e-14	75.0
sul22_1_T	20231031gen4_NODE_75_length_7949_cov_9.935694	100.000	40	0	0	1	40	4052	4013	7.64e-14	75.0
sul22_1_T	20231031gen3_NODE_89_length_7949_cov_8.695986	100.000	40	0	0	1	40	3898	3937	7.64e-14	75.0
sul22_1_T	20231030sen5_NODE_101_length_8299_cov_12.652717	100.000	40	0	0	1	40	1958	1919	7.64e-14	75.0
sul22_1_T	20231030sen4_NODE_117_length_6834_cov_7.016401	100.000	40	0	0	1	40	997	958	7.64e-14	75.0
sul22_1_T	20231030sen2_NODE_82_length_6313_cov_11.250081	100.000	40	0	0	1	40	5317	5356	7.64e-14	75.0
sul22_1_T	20231030sen1_NODE_84_length_16660_cov_8.265348	100.000	40	0	0	1	40	5842	5881	7.64e-14	75.0
sul22_1_T	20231030lug4_NODE_103_length_10036_cov_63.274700	100.000	40	0	0	1	40	5901	5940	7.64e-14	75.0
sul22_1_T	20231030lug3_NODE_83_length_6911_cov_6.927771	100.000	40	0	0	1	40	997	958	7.64e-14	75.0
sul22_1_T	20231030lug2_NODE_109_length_11109_cov_104.069568	100.000	40	0	0	1	40	6277	6316	7.64e-14	75.0
sul22_1_T	20231029zur5_NODE_107_length_7292_cov_5.628472	100.000	40	0	0	1	40	816	777	7.64e-14	75.0
sul22_1_T	20231029chu5_NODE_139_length_1150_cov_24.950147	100.000	40	0	0	1	40	460	499	7.64e-14	75.0
sul22_1_T	20231029chu4_NODE_20_length_70090_cov_13.043237	100.000	40	0	0	1	40	60319	60358	7.64e-14	75.0
sul22_1_T	20231029chu1_NODE_21_length_63171_cov_9.567699	100.000	40	0	0	1	40	9772	9733	7.64e-14	75.0
sul336_1_T	20231029chu5_NODE_108_length_5497_cov_12.999255	100.000	40	0	0	1	40	2489	2450	7.64e-14	75.0
tetA13_1_T	20231031gen5_NODE_39_length_40339_cov_12.538222	100.000	40	0	0	1	40	38429	38468	7.64e-14	75.0
tetA13_1_T	20231030sen4_NODE_117_length_6834_cov_7.016401	100.000	40	0	0	1	40	5205	5166	7.64e-14	75.0
tetA13_1_T	20231030sen2_NODE_82_length_6313_cov_11.250081	100.000	40	0	0	1	40	1109	1148	7.64e-14	75.0
tetA13_1_T	20231030sen1_NODE_84_length_16660_cov_8.265348	100.000	40	0	0	1	40	1634	1673	7.64e-14	75.0
tetA13_1_T	20231030lug4_NODE_103_length_10036_cov_63.274700	100.000	40	0	0	1	40	1994	1955	7.64e-14	75.0
tetA13_1_T	20231030lug3_NODE_83_length_6911_cov_6.927771	100.000	40	0	0	1	40	5205	5166	7.64e-14	75.0
tetA13_1_T	20231030lug2_NODE_109_length_11109_cov_104.069568	100.000	40	0	0	1	40	2069	2108	7.64e-14	75.0
tetA13_1_T	20231029chu5_NODE_28_length_59098_cov_21.962931	100.000	40	0	0	1	40	57074	57113	7.64e-14	75.0
tetB43_1_T	20231029chu3_NODE_120_length_5997_cov_14.415843	100.000	40	0	0	1	40	4912	4951	7.64e-14	75.0
intI1_25_T	20231031gen4_NODE_139_length_2670_cov_9.570193	100.000	40	0	0	1	40	1810	1849	7.64e-14	75.0
intI1_25_T	20231031gen3_NODE_114_length_2670_cov_9.974046	100.000	40	0	0	1	40	1810	1849	7.64e-14	75.0
intI1_25_T	20231030sen5_NODE_86_length_13293_cov_13.848473	100.000	40	0	0	1	40	575	536	7.64e-14	75.0
intI1_25_T	20231030lug4_NODE_139_length_1573_cov_4.938451	100.000	40	0	0	1	40	1298	1259	7.64e-14	75.0
intI1_25_T	20231029chu5_NODE_106_length_5583_cov_15.027493	100.000	40	0	0	1	40	562	523	7.64e-14	75.0
intI1_25_T	20231029chu3_NODE_102_length_10741_cov_11.926230	100.000	40	0	0	1	40	5788	5749	7.64e-14	75.0
astA1_3_T	20231029chu2_NODE_102_length_11992_cov_15.376907	100.000	40	0	0	1	40	352	391	7.64e-14	75.0
aatA123_14_T	20231031gen5_NODE_114_length_6228_cov_39.849697	100.000	40	0	0	1	40	4791	4752	7.64e-14	75.0
aatA123_14_T	20231029zur2_NODE_20_length_91146_cov_9.573518	100.000	40	0	0	1	40	64317	64356	7.64e-14	75.0
aatA123_14_T	20231029chu2_NODE_24_length_62211_cov_36.644820	100.000	40	0	0	1	40	60774	60735	7.64e-14	75.0
aaiC1_7_T	20231030alt3_NODE_20_length_87743_cov_43.655394	100.000	40	0	0	1	40	31697	31736	7.64e-14	75.0
aaiC4_7_T	20231030alt3_NODE_20_length_87743_cov_43.655394	100.000	40	0	0	1	40	31581	31542	7.64e-14	75.0
uidA1_60_T	20231031gen5_NODE_116_length_6100_cov_26.926335	100.000	40	0	0	1	40	3838	3877	7.64e-14	75.0
uidA1_60_T	20231031gen2_NODE_244_length_4003_cov_2.447110	100.000	40	0	0	1	40	3243	3204	7.64e-14	75.0
uidA1_60_T	20231030lug5_NODE_3_length_209339_cov_29.066703	100.000	40	0	0	1	40	51096	51057	7.64e-14	75.0
uidA1_60_T	20231030lug4_NODE_21_length_59381_cov_20.268623	100.000	40	0	0	1	40	51270	51231	7.64e-14	75.0
uidA1_60_T	20231030alt4_NODE_11_length_120541_cov_17.499153	100.000	40	0	0	1	40	69538	69577	7.64e-14	75.0
uidA1_60_T	20231030alt2_NODE_25_length_59062_cov_24.448766	100.000	40	0	0	1	40	51003	50964	7.64e-14	75.0
uidA1_60_T	20231029zur5_NODE_27_length_59263_cov_14.683171	100.000	40	0	0	1	40	8080	8119	7.64e-14	75.0
uidA1_60_T	20231029zur3_NODE_25_length_59433_cov_25.209237	100.000	40	0	0	1	40	8341	8380	7.64e-14	75.0
uidA1_60_T	20231029zur1_NODE_28_length_59292_cov_20.383538	100.000	40	0	0	1	40	8110	8149	7.64e-14	75.0
uidA1_60_T	20231029chu5_NODE_27_length_59562_cov_19.721578	100.000	40	0	0	1	40	8298	8337	7.64e-14	75.0
uidA1_60_T	20231029chu4_NODE_59_length_30345_cov_23.145906	100.000	40	0	0	1	40	3833	3872	7.64e-14	75.0
uidA1_60_T	20231029chu3_NODE_29_length_55109_cov_29.096304	100.000	40	0	0	1	40	3845	3884	7.64e-14	75.0
uidA1_60_T	20231029chu1_NODE_57_length_30355_cov_20.490605	100.000	40	0	0	1	40	3844	3883	7.64e-14	75.0
uidA1_60_T	20231030sen4_NODE_27_length_59278_cov_21.764383	100.000	37	0	0	4	40	51190	51154	3.55e-12	69.4
uidA1_60_T	20231030sen2_NODE_32_length_59245_cov_16.828902	100.000	37	0	0	4	40	51190	51154	3.55e-12	69.4
uidA1_60_T	20231030sen1_NODE_11_length_95448_cov_16.118431	97.500	40	1	0	1	40	44249	44288	3.55e-12	69.4
uidA1_60_T	20231030lug2_NODE_29_length_59188_cov_18.944329	100.000	37	0	0	4	40	51195	51159	3.55e-12	69.4
uidA1_60_T	20231030alt3_NODE_18_length_95540_cov_27.268779	97.500	40	1	0	1	40	44341	44380	3.55e-12	69.4
uidA1_60_T	20231029chu2_NODE_29_length_55060_cov_22.854204	97.500	40	1	0	1	40	51167	51128	3.55e-12	69.4
uidA1_60_T	20231031gen4_NODE_15_length_129676_cov_20.383322	95.000	40	2	0	1	40	83077	83116	1.65e-10	63.9
uidA1_60_T	20231031gen3_NODE_30_length_54837_cov_19.640340	95.000	40	2	0	1	40	8110	8149	1.65e-10	63.9
uidA1_60_T	20231031gen1_NODE_34_length_54892_cov_20.565014	97.297	37	1	0	4	40	46810	46774	1.65e-10	63.9
uidA1_60_T	20231030lug3_NODE_16_length_112934_cov_19.412075	97.297	37	1	0	4	40	46720	46684	1.65e-10	63.9
uidA1_60_T	20231030lug1_NODE_33_length_54930_cov_18.490776	95.000	40	2	0	1	40	8119	8158	1.65e-10	63.9
uidA1_60_T	20231030alt5_NODE_28_length_53906_cov_20.103330	95.000	40	2	0	1	40	7187	7226	1.65e-10	63.9
uidA1_60_T	20231030alt1_NODE_28_length_54798_cov_17.727881	97.297	37	1	0	4	40	46707	46671	1.65e-10	63.9
uidA1_60_T	20231029zur4_NODE_18_length_90176_cov_20.208187	97.297	37	1	0	4	40	46715	46679	1.65e-10	63.9
uidA6_16_T	20231031gen5_NODE_116_length_6100_cov_26.926335	100.000	40	0	0	1	40	4237	4198	7.64e-14	75.0
uidA6_16_T	20231031gen4_NODE_15_length_129676_cov_20.383322	100.000	40	0	0	1	40	83476	83437	7.64e-14	75.0
uidA6_16_T	20231031gen3_NODE_30_length_54837_cov_19.640340	100.000	40	0	0	1	40	8509	8470	7.64e-14	75.0
uidA6_16_T	20231031gen2_NODE_244_length_4003_cov_2.447110	100.000	40	0	0	1	40	2844	2883	7.64e-14	75.0
uidA6_16_T	20231031gen1_NODE_34_length_54892_cov_20.565014	100.000	40	0	0	1	40	46414	46453	7.64e-14	75.0
uidA6_16_T	20231030lug5_NODE_3_length_209339_cov_29.066703	100.000	40	0	0	1	40	50697	50736	7.64e-14	75.0
uidA6_16_T	20231030lug4_NODE_21_length_59381_cov_20.268623	100.000	40	0	0	1	40	50871	50910	7.64e-14	75.0
uidA6_16_T	20231030lug3_NODE_16_length_112934_cov_19.412075	100.000	40	0	0	1	40	46324	46363	7.64e-14	75.0
uidA6_16_T	20231030lug1_NODE_33_length_54930_cov_18.490776	100.000	40	0	0	1	40	8518	8479	7.64e-14	75.0
uidA6_16_T	20231030alt5_NODE_28_length_53906_cov_20.103330	100.000	40	0	0	1	40	7586	7547	7.64e-14	75.0
uidA6_16_T	20231030alt4_NODE_11_length_120541_cov_17.499153	100.000	40	0	0	1	40	69937	69898	7.64e-14	75.0
uidA6_16_T	20231030alt2_NODE_25_length_59062_cov_24.448766	100.000	40	0	0	1	40	50604	50643	7.64e-14	75.0
uidA6_16_T	20231030alt1_NODE_28_length_54798_cov_17.727881	100.000	40	0	0	1	40	46311	46350	7.64e-14	75.0
uidA6_16_T	20231029zur5_NODE_27_length_59263_cov_14.683171	100.000	40	0	0	1	40	8479	8440	7.64e-14	75.0
uidA6_16_T	20231029zur4_NODE_18_length_90176_cov_20.208187	100.000	40	0	0	1	40	46319	46358	7.64e-14	75.0
uidA6_16_T	20231029zur3_NODE_25_length_59433_cov_25.209237	100.000	40	0	0	1	40	8740	8701	7.64e-14	75.0
uidA6_16_T	20231029zur1_NODE_28_length_59292_cov_20.383538	100.000	40	0	0	1	40	8509	8470	7.64e-14	75.0
uidA6_16_T	20231029chu5_NODE_27_length_59562_cov_19.721578	100.000	40	0	0	1	40	8697	8658	7.64e-14	75.0
uidA6_16_T	20231029chu4_NODE_59_length_30345_cov_23.145906	100.000	40	0	0	1	40	4232	4193	7.64e-14	75.0
uidA6_16_T	20231029chu3_NODE_29_length_55109_cov_29.096304	100.000	40	0	0	1	40	4244	4205	7.64e-14	75.0
uidA6_16_T	20231029chu2_NODE_29_length_55060_cov_22.854204	100.000	40	0	0	1	40	50768	50807	7.64e-14	75.0
uidA6_16_T	20231029chu1_NODE_57_length_30355_cov_20.490605	100.000	40	0	0	1	40	4243	4204	7.64e-14	75.0
uidA6_16_T	20231031gen4_NODE_1795_length_450_cov_1.071207	97.500	40	1	0	1	40	186	225	3.55e-12	69.4
uidA6_16_T	20231030sen4_NODE_27_length_59278_cov_21.764383	97.500	40	1	0	1	40	50794	50833	3.55e-12	69.4
uidA6_16_T	20231030sen3_NODE_30_length_59217_cov_23.553884	97.500	40	1	0	1	40	50700	50739	3.55e-12	69.4
uidA6_16_T	20231030sen2_NODE_32_length_59245_cov_16.828902	97.500	40	1	0	1	40	50794	50833	3.55e-12	69.4
uidA6_16_T	20231030sen1_NODE_11_length_95448_cov_16.118431	97.500	40	1	0	1	40	44648	44609	3.55e-12	69.4
uidA6_16_T	20231030lug2_NODE_29_length_59188_cov_18.944329	97.500	40	1	0	1	40	50799	50838	3.55e-12	69.4
uidA6_16_T	20231030alt3_NODE_18_length_95540_cov_27.268779	97.500	40	1	0	1	40	44740	44701	3.55e-12	69.4
uidA6_16_T	20231029zur2_NODE_29_length_59295_cov_22.654611	97.500	40	1	0	1	40	8390	8351	3.55e-12	69.4
arpA1_9_T	20231031gen4_NODE_300_length_1545_cov_1.959803	100.000	40	0	0	1	40	295	256	7.64e-14	75.0
arpA1_9_T	20231030sen4_NODE_58_length_28014_cov_28.569620	100.000	40	0	0	1	40	20344	20383	7.64e-14	75.0
arpA1_9_T	20231030sen3_NODE_10_length_128775_cov_37.663423	100.000	40	0	0	1	40	7701	7662	7.64e-14	75.0
arpA1_9_T	20231030sen2_NODE_51_length_28017_cov_27.425063	100.000	40	0	0	1	40	20349	20388	7.64e-14	75.0
arpA1_9_T	20231030sen1_NODE_61_length_28011_cov_21.055982	100.000	40	0	0	1	40	20349	20388	7.64e-14	75.0
arpA1_9_T	20231030lug2_NODE_66_length_27993_cov_26.097646	100.000	40	0	0	1	40	20324	20363	7.64e-14	75.0
arpA1_9_T	20231030alt3_NODE_42_length_29161_cov_35.064407	100.000	40	0	0	1	40	21302	21341	7.64e-14	75.0
arpA1_9_T	20231029chu5_NODE_6_length_132967_cov_33.055518	100.000	40	0	0	1	40	8174	8135	7.64e-14	75.0
arpA1_9_T	20231029chu4_NODE_3_length_146365_cov_30.266586	100.000	40	0	0	1	40	2882	2843	7.64e-14	75.0
arpA1_9_T	20231029chu3_NODE_39_length_41871_cov_36.886259	100.000	40	0	0	1	40	38957	38996	7.64e-14	75.0
arpA1_9_T	20231029chu2_NODE_34_length_50646_cov_30.840832	100.000	40	0	0	1	40	8164	8125	7.64e-14	75.0
arpA1_9_T	20231029chu1_NODE_7_length_127659_cov_25.332599	100.000	40	0	0	1	40	2869	2830	7.64e-14	75.0
chuA2_4_T	20231031gen4_NODE_295_length_1551_cov_3.649579	100.000	40	0	0	1	40	509	470	7.64e-14	75.0
chuA2_4_T	20231031gen4_NODE_13_length_131652_cov_28.547554	100.000	40	0	0	1	40	118251	118290	7.64e-14	75.0
chuA2_4_T	20231031gen3_NODE_12_length_131631_cov_27.004350	100.000	40	0	0	1	40	118249	118288	7.64e-14	75.0
chuA2_4_T	20231031gen1_NODE_4_length_193563_cov_31.111329	100.000	40	0	0	1	40	180177	180216	7.64e-14	75.0
chuA2_4_T	20231030sen4_NODE_6_length_123211_cov_32.439245	100.000	40	0	0	1	40	13379	13340	7.64e-14	75.0
chuA2_4_T	20231030sen3_NODE_37_length_52265_cov_39.279125	100.000	40	0	0	1	40	13385	13346	7.64e-14	75.0
chuA2_4_T	20231030sen2_NODE_11_length_123284_cov_31.239272	100.000	40	0	0	1	40	13381	13342	7.64e-14	75.0
chuA2_4_T	20231030sen1_NODE_4_length_135819_cov_24.106484	100.000	40	0	0	1	40	117790	117829	7.64e-14	75.0
chuA2_4_T	20231030lug3_NODE_2_length_196197_cov_30.833121	100.000	40	0	0	1	40	178169	178208	7.64e-14	75.0
chuA2_4_T	20231030lug2_NODE_4_length_168547_cov_29.772117	100.000	40	0	0	1	40	117789	117828	7.64e-14	75.0
chuA2_4_T	20231030lug1_NODE_64_length_18469_cov_31.812125	100.000	40	0	0	1	40	13386	13347	7.64e-14	75.0
chuA2_4_T	20231030alt5_NODE_5_length_196197_cov_31.181456	100.000	40	0	0	1	40	178169	178208	7.64e-14	75.0
chuA2_4_T	20231030alt3_NODE_7_length_206050_cov_39.852051	100.000	40	0	0	1	40	13383	13344	7.64e-14	75.0
chuA2_4_T	20231030alt1_NODE_12_length_136275_cov_29.462644	100.000	40	0	0	1	40	18029	17990	7.64e-14	75.0
chuA2_4_T	20231029zur4_NODE_12_length_126264_cov_29.413733	100.000	40	0	0	1	40	7996	7957	7.64e-14	75.0
chuA2_4_T	20231029zur2_NODE_17_length_117804_cov_36.086610	100.000	40	0	0	1	40	99773	99812	7.64e-14	75.0
trpA35_4_T	20231031gen4_NODE_8_length_174653_cov_20.036533	100.000	40	0	0	1	40	6737	6698	7.64e-14	75.0
trpA35_4_T	20231031gen3_NODE_7_length_165368_cov_19.964482	100.000	40	0	0	1	40	3327	3288	7.64e-14	75.0
trpA35_4_T	20231031gen1_NODE_6_length_188045_cov_20.374004	100.000	40	0	0	1	40	159502	159541	7.64e-14	75.0
trpA35_4_T	20231030lug3_NODE_5_length_169983_cov_19.587103	100.000	40	0	0	1	40	2975	2936	7.64e-14	75.0
trpA35_4_T	20231030lug1_NODE_5_length_183403_cov_22.461664	100.000	40	0	0	1	40	180242	180281	7.64e-14	75.0
trpA35_4_T	20231030alt5_NODE_7_length_170426_cov_20.474489	100.000	40	0	0	1	40	167452	167491	7.64e-14	75.0
trpA35_4_T	20231030alt1_NODE_7_length_168250_cov_16.971218	100.000	40	0	0	1	40	164137	164176	7.64e-14	75.0
trpA35_4_T	20231029zur4_NODE_11_length_135576_cov_21.367304	100.000	40	0	0	1	40	26850	26811	7.64e-14	75.0
trpA35_4_T	20231031gen5_NODE_25_length_58066_cov_26.627764	97.500	40	1	0	1	40	29674	29713	3.55e-12	69.4
trpA35_4_T	20231031gen4_NODE_1733_length_456_cov_1.577508	97.500	40	1	0	1	40	293	332	3.55e-12	69.4
trpA35_4_T	20231031gen2_NODE_1115_length_1516_cov_1.594672	97.500	40	1	0	1	40	840	879	3.55e-12	69.4
trpA35_4_T	20231030sen4_NODE_4_length_152450_cov_21.581048	97.500	40	1	0	1	40	141344	141383	3.55e-12	69.4
trpA35_4_T	20231030sen3_NODE_31_length_58766_cov_25.175634	97.500	40	1	0	1	40	31380	31419	3.55e-12	69.4
trpA35_4_T	20231030sen2_NODE_31_length_61422_cov_18.666841	97.500	40	1	0	1	40	34035	34074	3.55e-12	69.4
trpA35_4_T	20231030sen1_NODE_38_length_45158_cov_15.209744	97.500	40	1	0	1	40	34052	34091	3.55e-12	69.4
trpA35_4_T	20231030lug5_NODE_5_length_179951_cov_25.069429	97.500	40	1	0	1	40	27391	27352	3.55e-12	69.4
trpA35_4_T	20231030lug4_NODE_2_length_175970_cov_19.810985	97.500	40	1	0	1	40	148572	148611	3.55e-12	69.4
trpA35_4_T	20231030lug2_NODE_2_length_183080_cov_18.510109	97.500	40	1	0	1	40	160290	160329	3.55e-12	69.4
trpA35_4_T	20231030alt4_NODE_29_length_57136_cov_19.055991	97.500	40	1	0	1	40	13804	13765	3.55e-12	69.4
trpA35_4_T	20231030alt3_NODE_27_length_63965_cov_28.890692	97.500	40	1	0	1	40	29892	29853	3.55e-12	69.4
trpA35_4_T	20231030alt2_NODE_5_length_168327_cov_24.607931	97.500	40	1	0	1	40	152159	152198	3.55e-12	69.4
trpA35_4_T	20231029zur5_NODE_32_length_54703_cov_14.242121	97.500	40	1	0	1	40	43326	43365	3.55e-12	69.4
trpA35_4_T	20231029zur3_NODE_4_length_156004_cov_26.745602	97.500	40	1	0	1	40	4526	4487	3.55e-12	69.4
trpA35_4_T	20231029zur2_NODE_5_length_202005_cov_23.303535	97.500	40	1	0	1	40	27371	27332	3.55e-12	69.4
trpA35_4_T	20231029zur1_NODE_27_length_70700_cov_20.951511	97.500	40	1	0	1	40	43311	43350	3.55e-12	69.4
trpA35_4_T	20231029chu5_NODE_36_length_46304_cov_23.294497	97.500	40	1	0	1	40	17915	17954	3.55e-12	69.4
trpA35_4_T	20231029chu4_NODE_45_length_39406_cov_22.131342	97.500	40	1	0	1	40	5259	5220	3.55e-12	69.4
trpA35_4_T	20231029chu3_NODE_7_length_96657_cov_30.570475	97.500	40	1	0	1	40	78746	78707	3.55e-12	69.4
trpA35_4_T	20231029chu2_NODE_1_length_182778_cov_23.417156	97.500	40	1	0	1	40	3659	3620	3.55e-12	69.4
trpA35_4_T	20231029chu1_NODE_44_length_39406_cov_18.606049	97.500	40	1	0	1	40	5259	5220	3.55e-12	69.4
Tsp1_9_T	20231031gen4_NODE_1632_length_466_cov_1.014749	100.000	40	0	0	1	40	169	208	7.64e-14	75.0
Tsp1_9_T	20231031gen4_NODE_26_length_70122_cov_25.333638	100.000	40	0	0	1	40	31858	31897	7.64e-14	75.0
Tsp1_9_T	20231031gen3_NODE_36_length_41497_cov_22.866014	100.000	40	0	0	1	40	31859	31898	7.64e-14	75.0
Tsp1_9_T	20231031gen2_NODE_584_length_2337_cov_2.100452	100.000	40	0	0	1	40	2009	1970	7.64e-14	75.0
Tsp1_9_T	20231031gen1_NODE_38_length_39206_cov_28.320914	100.000	40	0	0	1	40	31864	31903	7.64e-14	75.0
Tsp1_9_T	20231030sen3_NODE_24_length_68375_cov_37.098582	100.000	40	0	0	1	40	41421	41460	7.64e-14	75.0
Tsp1_9_T	20231030lug5_NODE_65_length_16302_cov_32.881607	100.000	40	0	0	1	40	8813	8852	7.64e-14	75.0
Tsp1_9_T	20231030lug3_NODE_18_length_112740_cov_29.138314	100.000	40	0	0	1	40	71171	71132	7.64e-14	75.0
Tsp1_9_T	20231030lug1_NODE_19_length_92931_cov_26.631956	100.000	40	0	0	1	40	31854	31893	7.64e-14	75.0
Tsp1_9_T	20231030alt5_NODE_31_length_48895_cov_29.149012	100.000	40	0	0	1	40	41554	41593	7.64e-14	75.0
Tsp1_9_T	20231030alt4_NODE_20_length_88094_cov_22.303034	100.000	40	0	0	1	40	49791	49752	7.64e-14	75.0
Tsp1_9_T	20231030alt2_NODE_20_length_88127_cov_30.617182	100.000	40	0	0	1	40	49791	49752	7.64e-14	75.0
Tsp1_9_T	20231030alt1_NODE_39_length_41504_cov_28.150615	100.000	40	0	0	1	40	9645	9606	7.64e-14	75.0
Tsp1_9_T	20231029zur5_NODE_21_length_69457_cov_18.684408	100.000	40	0	0	1	40	38483	38522	7.64e-14	75.0
Tsp1_9_T	20231029zur4_NODE_14_length_107541_cov_26.833644	100.000	40	0	0	1	40	71678	71639	7.64e-14	75.0
Tsp1_9_T	20231029zur3_NODE_46_length_34488_cov_21.854137	100.000	40	0	0	1	40	25640	25601	7.64e-14	75.0
Tsp1_9_T	20231029zur2_NODE_33_length_48434_cov_33.263502	100.000	40	0	0	1	40	7791	7752	7.64e-14	75.0
Tsp1_9_T	20231029zur1_NODE_42_length_37745_cov_26.015843	100.000	40	0	0	1	40	2499	2460	7.64e-14	75.0
yjaA1_2_T	20231031gen4_NODE_6_length_188679_cov_27.888986	100.000	40	0	0	1	40	188337	188376	7.64e-14	75.0
yjaA1_2_T	20231031gen3_NODE_53_length_26709_cov_22.233241	100.000	40	0	0	1	40	26367	26406	7.64e-14	75.0
yjaA1_2_T	20231031gen1_NODE_46_length_26780_cov_28.045773	100.000	40	0	0	1	40	26439	26478	7.64e-14	75.0
yjaA1_2_T	20231030lug3_NODE_50_length_26620_cov_28.143396	100.000	40	0	0	1	40	26291	26330	7.64e-14	75.0
yjaA1_2_T	20231030lug1_NODE_53_length_26703_cov_25.885536	100.000	40	0	0	1	40	26366	26405	7.64e-14	75.0
yjaA1_2_T	20231030alt5_NODE_10_length_148415_cov_28.965938	100.000	40	0	0	1	40	336	297	7.64e-14	75.0
yjaA1_2_T	20231030alt1_NODE_86_length_5330_cov_26.778205	100.000	40	0	0	1	40	342	303	7.64e-14	75.0
yjaA1_2_T	20231029zur4_NODE_93_length_5330_cov_26.175860	100.000	40	0	0	1	40	4988	5027	7.64e-14	75.0
yjaA1_2_T	20231029chu5_NODE_6_length_132967_cov_33.055518	100.000	40	0	0	1	40	342	303	7.64e-14	75.0
yjaA1_2_T	20231029chu4_NODE_139_length_5302_cov_28.779324	100.000	40	0	0	1	40	4963	5002	7.64e-14	75.0
yjaA1_2_T	20231029chu3_NODE_124_length_5326_cov_37.482208	100.000	40	0	0	1	40	338	299	7.64e-14	75.0
yjaA1_2_T	20231029chu2_NODE_34_length_50646_cov_30.840832	100.000	40	0	0	1	40	332	293	7.64e-14	75.0
yjaA1_2_T	20231029chu1_NODE_143_length_5292_cov_23.687899	100.000	40	0	0	1	40	4990	5029	7.64e-14	75.0
